Added Component: Designator=C1(RAD-0.3)
Added Component: Designator=C2(RAD-0.3)
Added Component: Designator=C3(RAD-0.3)
Added Component: Designator=C4(RAD-0.3)
Added Component: Designator=P1(Freedom KL25Z Headerarray)
Added Component: Designator=P2(HDR1X2)
Added Component: Designator=P3(HDR1X4)
Added Component: Designator=R1(AXIAL-0.4)
Added Component: Designator=R2(AXIAL-0.4)
Added Component: Designator=R3(AXIAL-0.4)
Added Component: Designator=R4(AXIAL-0.4)
Added Component: Designator=R5(AXIAL-0.4)
Added Component: Designator=R6(AXIAL-0.4)
Added Component: Designator=U1(MCHP-PDIP-P8)
Added Component: Designator=U2(MAXM-P8-2)
Added Pin To Net: NetName=2ND_STG Pin=R2-1
Added Pin To Net: NetName=2ND_STG Pin=U2-5
Added Net: Name=2ND_STG
Added Pin To Net: NetName=3V3 Pin=P1-7
Added Pin To Net: NetName=3V3 Pin=P3-2
Added Pin To Net: NetName=3V3 Pin=U1-8
Added Net: Name=3V3
Added Pin To Net: NetName=5V0 Pin=C2-2
Added Pin To Net: NetName=5V0 Pin=P1-9
Added Pin To Net: NetName=5V0 Pin=R1-2
Added Pin To Net: NetName=5V0 Pin=U2-7
Added Net: Name=5V0
Added Pin To Net: NetName=\C\S\ Pin=P1-44
Added Pin To Net: NetName=\C\S\ Pin=U1-1
Added Net: Name=\C\S\
Added Pin To Net: NetName=FILTER_CLK Pin=P1-60
Added Pin To Net: NetName=FILTER_CLK Pin=U2-1
Added Net: Name=FILTER_CLK
Added Pin To Net: NetName=FILTER_GND Pin=C3-1
Added Pin To Net: NetName=FILTER_GND Pin=C4-2
Added Pin To Net: NetName=FILTER_GND Pin=R1-1
Added Pin To Net: NetName=FILTER_GND Pin=R3-2
Added Pin To Net: NetName=FILTER_GND Pin=U2-6
Added Net: Name=FILTER_GND
Added Pin To Net: NetName=FILTER_IN Pin=P2-1
Added Pin To Net: NetName=FILTER_IN Pin=U2-8
Added Net: Name=FILTER_IN
Added Pin To Net: NetName=FILTER_OUT Pin=C1-2
Added Pin To Net: NetName=FILTER_OUT Pin=P1-17
Added Pin To Net: NetName=FILTER_OUT Pin=P1-52
Added Pin To Net: NetName=FILTER_OUT Pin=R5-2
Added Pin To Net: NetName=FILTER_OUT Pin=U2-3
Added Net: Name=FILTER_OUT
Added Pin To Net: NetName=GND Pin=C2-1
Added Pin To Net: NetName=GND Pin=C4-1
Added Pin To Net: NetName=GND Pin=P1-13
Added Pin To Net: NetName=GND Pin=P2-2
Added Pin To Net: NetName=GND Pin=P3-1
Added Pin To Net: NetName=GND Pin=R6-1
Added Pin To Net: NetName=GND Pin=U1-4
Added Pin To Net: NetName=GND Pin=U2-2
Added Net: Name=GND
Added Pin To Net: NetName=MISO Pin=P1-40
Added Pin To Net: NetName=MISO Pin=U1-2
Added Net: Name=MISO
Added Pin To Net: NetName=MOSI Pin=P1-42
Added Pin To Net: NetName=MOSI Pin=U1-5
Added Net: Name=MOSI
Added Pin To Net: NetName=NetC3_2 Pin=C3-2
Added Pin To Net: NetName=NetC3_2 Pin=R2-2
Added Pin To Net: NetName=NetC3_2 Pin=R4-1
Added Pin To Net: NetName=NetC3_2 Pin=R5-1
Added Net: Name=NetC3_2
Added Pin To Net: NetName=NetR3_1 Pin=R3-1
Added Pin To Net: NetName=NetR3_1 Pin=R6-2
Added Net: Name=NetR3_1
Added Pin To Net: NetName=OP_IN- Pin=C1-1
Added Pin To Net: NetName=OP_IN- Pin=R4-2
Added Pin To Net: NetName=OP_IN- Pin=U2-4
Added Net: Name=OP_IN-
Added Pin To Net: NetName=SCK Pin=P1-38
Added Pin To Net: NetName=SCK Pin=U1-6
Added Net: Name=SCK
Added Pin To Net: NetName=SCL Pin=P1-30
Added Pin To Net: NetName=SCL Pin=P3-3
Added Net: Name=SCL
Added Pin To Net: NetName=SDA Pin=P1-32
Added Pin To Net: NetName=SDA Pin=P3-4
Added Net: Name=SDA
Added Class: Name=Schematic
Added Room: Name=Schematic
